<?xml version="1.0" encoding="UTF-8"?>
<!-- Generated by org.testng.reporters.JUnitReportReporter -->
<testsuite hostname="DESKTOP-RR73ETU" failures="0" tests="2" name="DemoPracticeSelenium.InterviewExample2" time="27.720" errors="0" timestamp="2024-03-22T22:07:46 IST" skipped="0">
  <testcase classname="DemoPracticeSelenium.InterviewExample2" name="facebookValidLogin" time="13.485"/>
  <system-out/>
  <testcase classname="DemoPracticeSelenium.InterviewExample2" name="facebookValidLogin" time="14.235"/>
  <system-out/>
</testsuite> <!-- DemoPracticeSelenium.InterviewExample2 -->
