<?xml version="1.0" encoding="UTF-8"?>
<!-- Generated by org.testng.reporters.JUnitReportReporter -->
<testsuite hostname="DESKTOP-RR73ETU" failures="0" tests="3" name="DemoPracticeSelenium.InterviewExample" time="57.602" errors="0" timestamp="2024-03-22T17:02:05 IST" skipped="0">
  <testcase classname="DemoPracticeSelenium.InterviewExample" name="driverInitialize" time="18.733"/>
  <system-out/>
  <testcase classname="DemoPracticeSelenium.InterviewExample" name="driverInitialize" time="13.542"/>
  <system-out/>
  <testcase classname="DemoPracticeSelenium.InterviewExample" name="driverInitialize" time="25.327"/>
  <system-out/>
</testsuite> <!-- DemoPracticeSelenium.InterviewExample -->
